# JRE version: OpenJDK Runtime Environment (8.0_242-b01) (build 1.8.0_242-release-1644-b01)
# Java VM: OpenJDK 64-Bit Server VM (25.242-b01 mixed mode windows-amd64 compressed oops)
Heap:
 PSYoungGen      total 274944K, used 44061K [0x00000000d5580000, 0x00000000efc80000, 0x0000000100000000)
  eden space 260608K, 11% used [0x00000000d5580000,0x00000000d7289810,0x00000000e5400000)
  from space 14336K, 99% used [0x00000000e5400000,0x00000000e61fde40,0x00000000e6200000)
  to   space 18944K, 0% used [0x00000000eea00000,0x00000000eea00000,0x00000000efc80000)
 ParOldGen       total 58880K, used 21459K [0x0000000080000000, 0x0000000083980000, 0x00000000d5580000)
  object space 58880K, 36% used [0x0000000080000000,0x00000000814f4d28,0x0000000083980000)
 Metaspace       used 50973K, capacity 52994K, committed 53336K, reserved 1095680K
  class space    used 6802K, capacity 7204K, committed 7296K, reserved 1048576K
GC Heap History (10 events):
Event: 15.412 GC heap before
{Heap before GC invocations=7 (full 1):
 PSYoungGen      total 144896K, used 5050K [0x00000000d5580000, 0x00000000def80000, 0x0000000100000000)
  eden space 133120K, 0% used [0x00000000d5580000,0x00000000d5580000,0x00000000dd780000)
  from space 11776K, 42% used [0x00000000de400000,0x00000000de8eea70,0x00000000def80000)
  to   space 12288K, 0% used [0x00000000dd780000,0x00000000dd780000,0x00000000de380000)
 ParOldGen       total 87552K, used 10414K [0x0000000080000000, 0x0000000085580000, 0x00000000d5580000)
  object space 87552K, 11% used [0x0000000080000000,0x0000000080a2b830,0x0000000085580000)
 Metaspace       used 20484K, capacity 21204K, committed 21248K, reserved 1067008K
  class space    used 2845K, capacity 3048K, committed 3072K, reserved 1048576K
Event: 15.496 GC heap after
Heap after GC invocations=7 (full 1):
 PSYoungGen      total 144896K, used 0K [0x00000000d5580000, 0x00000000def80000, 0x0000000100000000)
  eden space 133120K, 0% used [0x00000000d5580000,0x00000000d5580000,0x00000000dd780000)
  from space 11776K, 0% used [0x00000000de400000,0x00000000de400000,0x00000000def80000)
  to   space 12288K, 0% used [0x00000000dd780000,0x00000000dd780000,0x00000000de380000)
 ParOldGen       total 47616K, used 6847K [0x0000000080000000, 0x0000000082e80000, 0x00000000d5580000)
  object space 47616K, 14% used [0x0000000080000000,0x00000000806afd58,0x0000000082e80000)
 Metaspace       used 20484K, capacity 21204K, committed 21248K, reserved 1067008K
  class space    used 2845K, capacity 3048K, committed 3072K, reserved 1048576K
}
Event: 19.616 GC heap before
{Heap before GC invocations=8 (full 1):
 PSYoungGen      total 144896K, used 133120K [0x00000000d5580000, 0x00000000def80000, 0x0000000100000000)
  eden space 133120K, 100% used [0x00000000d5580000,0x00000000dd780000,0x00000000dd780000)
  from space 11776K, 0% used [0x00000000de400000,0x00000000de400000,0x00000000def80000)
  to   space 12288K, 0% used [0x00000000dd780000,0x00000000dd780000,0x00000000de380000)
 ParOldGen       total 47616K, used 6847K [0x0000000080000000, 0x0000000082e80000, 0x00000000d5580000)
  object space 47616K, 14% used [0x0000000080000000,0x00000000806afd58,0x0000000082e80000)
 Metaspace       used 32747K, capacity 33776K, committed 33920K, reserved 1079296K
  class space    used 4450K, capacity 4722K, committed 4736K, reserved 1048576K
Event: 19.646 GC heap after
Heap after GC invocations=8 (full 1):
 PSYoungGen      total 145408K, used 12257K [0x00000000d5580000, 0x00000000e7380000, 0x0000000100000000)
  eden space 133120K, 0% used [0x00000000d5580000,0x00000000d5580000,0x00000000dd780000)
  from space 12288K, 99% used [0x00000000dd780000,0x00000000de3785d0,0x00000000de380000)
  to   space 15360K, 0% used [0x00000000e6480000,0x00000000e6480000,0x00000000e7380000)
 ParOldGen       total 47616K, used 8590K [0x0000000080000000, 0x0000000082e80000, 0x00000000d5580000)
  object space 47616K, 18% used [0x0000000080000000,0x00000000808638c8,0x0000000082e80000)
 Metaspace       used 32747K, capacity 33776K, committed 33920K, reserved 1079296K
  class space    used 4450K, capacity 4722K, committed 4736K, reserved 1048576K
}
Event: 20.323 GC heap before
{Heap before GC invocations=9 (full 1):
 PSYoungGen      total 145408K, used 45590K [0x00000000d5580000, 0x00000000e7380000, 0x0000000100000000)
  eden space 133120K, 25% used [0x00000000d5580000,0x00000000d760d238,0x00000000dd780000)
  from space 12288K, 99% used [0x00000000dd780000,0x00000000de3785d0,0x00000000de380000)
  to   space 15360K, 0% used [0x00000000e6480000,0x00000000e6480000,0x00000000e7380000)
 ParOldGen       total 47616K, used 8590K [0x0000000080000000, 0x0000000082e80000, 0x00000000d5580000)
  object space 47616K, 18% used [0x0000000080000000,0x00000000808638c8,0x0000000082e80000)
 Metaspace       used 34257K, capacity 35392K, committed 35416K, reserved 1079296K
  class space    used 4705K, capacity 4973K, committed 4992K, reserved 1048576K
Event: 20.342 GC heap after
Heap after GC invocations=9 (full 1):
 PSYoungGen      total 272384K, used 8148K [0x00000000d5580000, 0x00000000e7000000, 0x0000000100000000)
  eden space 260608K, 0% used [0x00000000d5580000,0x00000000d5580000,0x00000000e5400000)
  from space 11776K, 69% used [0x00000000e6480000,0x00000000e6c75020,0x00000000e7000000)
  to   space 14336K, 0% used [0x00000000e5400000,0x00000000e5400000,0x00000000e6200000)
 ParOldGen       total 47616K, used 8598K [0x0000000080000000, 0x0000000082e80000, 0x00000000d5580000)
  object space 47616K, 18% used [0x0000000080000000,0x00000000808658c8,0x0000000082e80000)
 Metaspace       used 34257K, capacity 35392K, committed 35416K, reserved 1079296K
  class space    used 4705K, capacity 4973K, committed 4992K, reserved 1048576K
}
Event: 20.342 GC heap before
{Heap before GC invocations=10 (full 2):
 PSYoungGen      total 272384K, used 8148K [0x00000000d5580000, 0x00000000e7000000, 0x0000000100000000)
  eden space 260608K, 0% used [0x00000000d5580000,0x00000000d5580000,0x00000000e5400000)
  from space 11776K, 69% used [0x00000000e6480000,0x00000000e6c75020,0x00000000e7000000)
  to   space 14336K, 0% used [0x00000000e5400000,0x00000000e5400000,0x00000000e6200000)
 ParOldGen       total 47616K, used 8598K [0x0000000080000000, 0x0000000082e80000, 0x00000000d5580000)
  object space 47616K, 18% used [0x0000000080000000,0x00000000808658c8,0x0000000082e80000)
 Metaspace       used 34257K, capacity 35392K, committed 35416K, reserved 1079296K
  class space    used 4705K, capacity 4973K, committed 4992K, reserved 1048576K
Event: 20.468 GC heap after
Heap after GC invocations=10 (full 2):
 PSYoungGen      total 272384K, used 0K [0x00000000d5580000, 0x00000000e7000000, 0x0000000100000000)
  eden space 260608K, 0% used [0x00000000d5580000,0x00000000d5580000,0x00000000e5400000)
  from space 11776K, 0% used [0x00000000e6480000,0x00000000e6480000,0x00000000e7000000)
  to   space 14336K, 0% used [0x00000000e5400000,0x00000000e5400000,0x00000000e6200000)
 ParOldGen       total 58880K, used 14811K [0x0000000080000000, 0x0000000083980000, 0x00000000d5580000)
  object space 58880K, 25% used [0x0000000080000000,0x0000000080e76ff0,0x0000000083980000)
 Metaspace       used 34257K, capacity 35392K, committed 35416K, reserved 1079296K
  class space    used 4705K, capacity 4973K, committed 4992K, reserved 1048576K
}
Event: 26.557 GC heap before
{Heap before GC invocations=11 (full 2):
 PSYoungGen      total 272384K, used 260608K [0x00000000d5580000, 0x00000000e7000000, 0x0000000100000000)
  eden space 260608K, 100% used [0x00000000d5580000,0x00000000e5400000,0x00000000e5400000)
  from space 11776K, 0% used [0x00000000e6480000,0x00000000e6480000,0x00000000e7000000)
  to   space 14336K, 0% used [0x00000000e5400000,0x00000000e5400000,0x00000000e6200000)
 ParOldGen       total 58880K, used 14811K [0x0000000080000000, 0x0000000083980000, 0x00000000d5580000)
  object space 58880K, 25% used [0x0000000080000000,0x0000000080e76ff0,0x0000000083980000)
 Metaspace       used 48191K, capacity 50126K, committed 50264K, reserved 1093632K
  class space    used 6490K, capacity 6917K, committed 7040K, reserved 1048576K
Event: 26.627 GC heap after
Heap after GC invocations=11 (full 2):
 PSYoungGen      total 274944K, used 14327K [0x00000000d5580000, 0x00000000efc80000, 0x0000000100000000)
  eden space 260608K, 0% used [0x00000000d5580000,0x00000000d5580000,0x00000000e5400000)
  from space 14336K, 99% used [0x00000000e5400000,0x00000000e61fde40,0x00000000e6200000)
  to   space 18944K, 0% used [0x00000000eea00000,0x00000000eea00000,0x00000000efc80000)
 ParOldGen       total 58880K, used 21459K [0x0000000080000000, 0x0000000083980000, 0x00000000d5580000)
  object space 58880K, 36% used [0x0000000080000000,0x00000000814f4d28,0x0000000083980000)
 Metaspace       used 48191K, capacity 50126K, committed 50264K, reserved 1093632K
  class space    used 6490K, capacity 6917K, committed 7040K, reserved 1048576K
}

