# JRE version: OpenJDK Runtime Environment (8.0_242-b01) (build 1.8.0_242-release-1644-b01)
# Java VM: OpenJDK 64-Bit Server VM (25.242-b01 mixed mode windows-amd64 compressed oops)
Heap:
 PSYoungGen      total 553984K, used 130294K [0x00000000d5580000, 0x0000000100000000, 0x0000000100000000)
  eden space 465408K, 8% used [0x00000000d5580000,0x00000000d7e3f188,0x00000000f1c00000)
  from space 88576K, 99% used [0x00000000fa980000,0x00000000ffffe698,0x0000000100000000)
  to   space 116736K, 0% used [0x00000000f1c00000,0x00000000f1c00000,0x00000000f8e00000)
 ParOldGen       total 240128K, used 121344K [0x0000000080000000, 0x000000008ea80000, 0x00000000d5580000)
  object space 240128K, 50% used [0x0000000080000000,0x0000000087680318,0x000000008ea80000)
 Metaspace       used 144122K, capacity 151641K, committed 151768K, reserved 1181696K
  class space    used 18147K, capacity 19634K, committed 19712K, reserved 1048576K
GC Heap History (10 events):
Event: 822.489 GC heap before
{Heap before GC invocations=25 (full 5):
 PSYoungGen      total 529408K, used 468749K [0x00000000d5580000, 0x00000000fef80000, 0x0000000100000000)
  eden space 435712K, 100% used [0x00000000d5580000,0x00000000eff00000,0x00000000eff00000)
  from space 93696K, 35% used [0x00000000eff00000,0x00000000f1f43720,0x00000000f5a80000)
  to   space 88576K, 0% used [0x00000000f9900000,0x00000000f9900000,0x00000000fef80000)
 ParOldGen       total 240128K, used 84852K [0x0000000080000000, 0x000000008ea80000, 0x00000000d5580000)
  object space 240128K, 35% used [0x0000000080000000,0x00000000852dd1c8,0x000000008ea80000)
 Metaspace       used 113489K, capacity 118491K, committed 118616K, reserved 1153024K
  class space    used 14501K, capacity 15416K, committed 15488K, reserved 1048576K
Event: 822.525 GC heap after
Heap after GC invocations=25 (full 5):
 PSYoungGen      total 564736K, used 15756K [0x00000000d5580000, 0x00000000fde80000, 0x0000000100000000)
  eden space 493568K, 0% used [0x00000000d5580000,0x00000000d5580000,0x00000000f3780000)
  from space 71168K, 22% used [0x00000000f9900000,0x00000000fa863238,0x00000000fde80000)
  to   space 85504K, 0% used [0x00000000f3780000,0x00000000f3780000,0x00000000f8b00000)
 ParOldGen       total 240128K, used 84860K [0x0000000080000000, 0x000000008ea80000, 0x00000000d5580000)
  object space 240128K, 35% used [0x0000000080000000,0x00000000852df1c8,0x000000008ea80000)
 Metaspace       used 113489K, capacity 118491K, committed 118616K, reserved 1153024K
  class space    used 14501K, capacity 15416K, committed 15488K, reserved 1048576K
}
Event: 1076.979 GC heap before
{Heap before GC invocations=26 (full 5):
 PSYoungGen      total 564736K, used 509324K [0x00000000d5580000, 0x00000000fde80000, 0x0000000100000000)
  eden space 493568K, 100% used [0x00000000d5580000,0x00000000f3780000,0x00000000f3780000)
  from space 71168K, 22% used [0x00000000f9900000,0x00000000fa863238,0x00000000fde80000)
  to   space 85504K, 0% used [0x00000000f3780000,0x00000000f3780000,0x00000000f8b00000)
 ParOldGen       total 240128K, used 84860K [0x0000000080000000, 0x000000008ea80000, 0x00000000d5580000)
  object space 240128K, 35% used [0x0000000080000000,0x00000000852df1c8,0x000000008ea80000)
 Metaspace       used 128071K, capacity 134003K, committed 134232K, reserved 1165312K
  class space    used 16355K, capacity 17451K, committed 17536K, reserved 1048576K
Event: 1077.042 GC heap after
Heap after GC invocations=26 (full 5):
 PSYoungGen      total 579072K, used 32673K [0x00000000d5580000, 0x0000000100000000, 0x0000000100000000)
  eden space 493568K, 0% used [0x00000000d5580000,0x00000000d5580000,0x00000000f3780000)
  from space 85504K, 38% used [0x00000000f3780000,0x00000000f5768540,0x00000000f8b00000)
  to   space 80896K, 0% used [0x00000000fb100000,0x00000000fb100000,0x0000000100000000)
 ParOldGen       total 240128K, used 84868K [0x0000000080000000, 0x000000008ea80000, 0x00000000d5580000)
  object space 240128K, 35% used [0x0000000080000000,0x00000000852e11c8,0x000000008ea80000)
 Metaspace       used 128071K, capacity 134003K, committed 134232K, reserved 1165312K
  class space    used 16355K, capacity 17451K, committed 17536K, reserved 1048576K
}
Event: 1217.963 GC heap before
{Heap before GC invocations=27 (full 5):
 PSYoungGen      total 579072K, used 526241K [0x00000000d5580000, 0x0000000100000000, 0x0000000100000000)
  eden space 493568K, 100% used [0x00000000d5580000,0x00000000f3780000,0x00000000f3780000)
  from space 85504K, 38% used [0x00000000f3780000,0x00000000f5768540,0x00000000f8b00000)
  to   space 80896K, 0% used [0x00000000fb100000,0x00000000fb100000,0x0000000100000000)
 ParOldGen       total 240128K, used 84868K [0x0000000080000000, 0x000000008ea80000, 0x00000000d5580000)
  object space 240128K, 35% used [0x0000000080000000,0x00000000852e11c8,0x000000008ea80000)
 Metaspace       used 136478K, capacity 143475K, committed 143576K, reserved 1173504K
  class space    used 17455K, capacity 18869K, committed 18944K, reserved 1048576K
Event: 1218.030 GC heap after
Heap after GC invocations=27 (full 5):
 PSYoungGen      total 608768K, used 55758K [0x00000000d5580000, 0x0000000100000000, 0x0000000100000000)
  eden space 527872K, 0% used [0x00000000d5580000,0x00000000d5580000,0x00000000f5900000)
  from space 80896K, 68% used [0x00000000fb100000,0x00000000fe773bd0,0x0000000100000000)
  to   space 85504K, 0% used [0x00000000f5900000,0x00000000f5900000,0x00000000fac80000)
 ParOldGen       total 240128K, used 84876K [0x0000000080000000, 0x000000008ea80000, 0x00000000d5580000)
  object space 240128K, 35% used [0x0000000080000000,0x00000000852e31c8,0x000000008ea80000)
 Metaspace       used 136478K, capacity 143475K, committed 143576K, reserved 1173504K
  class space    used 17455K, capacity 18869K, committed 18944K, reserved 1048576K
}
Event: 1230.839 GC heap before
{Heap before GC invocations=28 (full 5):
 PSYoungGen      total 608768K, used 583630K [0x00000000d5580000, 0x0000000100000000, 0x0000000100000000)
  eden space 527872K, 100% used [0x00000000d5580000,0x00000000f5900000,0x00000000f5900000)
  from space 80896K, 68% used [0x00000000fb100000,0x00000000fe773bd0,0x0000000100000000)
  to   space 85504K, 0% used [0x00000000f5900000,0x00000000f5900000,0x00000000fac80000)
 ParOldGen       total 240128K, used 84876K [0x0000000080000000, 0x000000008ea80000, 0x00000000d5580000)
  object space 240128K, 35% used [0x0000000080000000,0x00000000852e31c8,0x000000008ea80000)
 Metaspace       used 143094K, capacity 150463K, committed 150616K, reserved 1179648K
  class space    used 18095K, capacity 19563K, committed 19584K, reserved 1048576K
Event: 1230.955 GC heap after
Heap after GC invocations=28 (full 5):
 PSYoungGen      total 582144K, used 54025K [0x00000000d5580000, 0x0000000100000000, 0x0000000100000000)
  eden space 527872K, 0% used [0x00000000d5580000,0x00000000d5580000,0x00000000f5900000)
  from space 54272K, 99% used [0x00000000f5900000,0x00000000f8dc2618,0x00000000f8e00000)
  to   space 88576K, 0% used [0x00000000fa980000,0x00000000fa980000,0x0000000100000000)
 ParOldGen       total 240128K, used 84884K [0x0000000080000000, 0x000000008ea80000, 0x00000000d5580000)
  object space 240128K, 35% used [0x0000000080000000,0x00000000852e51c8,0x000000008ea80000)
 Metaspace       used 143094K, capacity 150463K, committed 150616K, reserved 1179648K
  class space    used 18095K, capacity 19563K, committed 19584K, reserved 1048576K
}
Event: 1237.303 GC heap before
{Heap before GC invocations=29 (full 5):
 PSYoungGen      total 582144K, used 581897K [0x00000000d5580000, 0x0000000100000000, 0x0000000100000000)
  eden space 527872K, 100% used [0x00000000d5580000,0x00000000f5900000,0x00000000f5900000)
  from space 54272K, 99% used [0x00000000f5900000,0x00000000f8dc2618,0x00000000f8e00000)
  to   space 88576K, 0% used [0x00000000fa980000,0x00000000fa980000,0x0000000100000000)
 ParOldGen       total 240128K, used 84884K [0x0000000080000000, 0x000000008ea80000, 0x00000000d5580000)
  object space 240128K, 35% used [0x0000000080000000,0x00000000852e51c8,0x000000008ea80000)
 Metaspace       used 144120K, capacity 151641K, committed 151768K, reserved 1181696K
  class space    used 18147K, capacity 19634K, committed 19712K, reserved 1048576K
Event: 1237.580 GC heap after
Heap after GC invocations=29 (full 5):
 PSYoungGen      total 553984K, used 88569K [0x00000000d5580000, 0x0000000100000000, 0x0000000100000000)
  eden space 465408K, 0% used [0x00000000d5580000,0x00000000d5580000,0x00000000f1c00000)
  from space 88576K, 99% used [0x00000000fa980000,0x00000000ffffe698,0x0000000100000000)
  to   space 116736K, 0% used [0x00000000f1c00000,0x00000000f1c00000,0x00000000f8e00000)
 ParOldGen       total 240128K, used 121344K [0x0000000080000000, 0x000000008ea80000, 0x00000000d5580000)
  object space 240128K, 50% used [0x0000000080000000,0x0000000087680318,0x000000008ea80000)
 Metaspace       used 144120K, capacity 151641K, committed 151768K, reserved 1181696K
  class space    used 18147K, capacity 19634K, committed 19712K, reserved 1048576K
}

