# JRE version: OpenJDK Runtime Environment (8.0_242-b01) (build 1.8.0_242-release-1644-b01)
# Java VM: OpenJDK 64-Bit Server VM (25.242-b01 mixed mode windows-amd64 compressed oops)
Heap:
 PSYoungGen      total 670720K, used 406129K [0x00000000d5580000, 0x0000000100000000, 0x0000000100000000)
  eden space 642560K, 63% used [0x00000000d5580000,0x00000000ee21c770,0x00000000fc900000)
  from space 28160K, 0% used [0x00000000fc900000,0x00000000fc900000,0x00000000fe480000)
  to   space 28160K, 0% used [0x00000000fe480000,0x00000000fe480000,0x0000000100000000)
 ParOldGen       total 193536K, used 88126K [0x0000000080000000, 0x000000008bd00000, 0x00000000d5580000)
  object space 193536K, 45% used [0x0000000080000000,0x000000008560fa88,0x000000008bd00000)
 Metaspace       used 97645K, capacity 102108K, committed 102348K, reserved 1138688K
  class space    used 12573K, capacity 13491K, committed 13568K, reserved 1048576K
GC Heap History (10 events):
Event: 71.146 GC heap before
{Heap before GC invocations=17 (full 3):
 PSYoungGen      total 461312K, used 461285K [0x00000000d5580000, 0x00000000fac80000, 0x0000000100000000)
  eden space 438784K, 100% used [0x00000000d5580000,0x00000000f0200000,0x00000000f0200000)
  from space 22528K, 99% used [0x00000000f0200000,0x00000000f17f95b0,0x00000000f1800000)
  to   space 29184K, 0% used [0x00000000f9000000,0x00000000f9000000,0x00000000fac80000)
 ParOldGen       total 115712K, used 52335K [0x0000000080000000, 0x0000000087100000, 0x00000000d5580000)
  object space 115712K, 45% used [0x0000000080000000,0x000000008331bde8,0x0000000087100000)
 Metaspace       used 85443K, capacity 89410K, committed 89560K, reserved 1126400K
  class space    used 11380K, capacity 12200K, committed 12288K, reserved 1048576K
Event: 71.183 GC heap after
Heap after GC invocations=17 (full 3):
 PSYoungGen      total 549888K, used 11621K [0x00000000d5580000, 0x00000000f9b80000, 0x0000000100000000)
  eden space 538112K, 0% used [0x00000000d5580000,0x00000000d5580000,0x00000000f6300000)
  from space 11776K, 98% used [0x00000000f9000000,0x00000000f9b59770,0x00000000f9b80000)
  to   space 27648K, 0% used [0x00000000f6580000,0x00000000f6580000,0x00000000f8080000)
 ParOldGen       total 115712K, used 70634K [0x0000000080000000, 0x0000000087100000, 0x00000000d5580000)
  object space 115712K, 61% used [0x0000000080000000,0x00000000844fa930,0x0000000087100000)
 Metaspace       used 85443K, capacity 89410K, committed 89560K, reserved 1126400K
  class space    used 11380K, capacity 12200K, committed 12288K, reserved 1048576K
}
Event: 78.579 GC heap before
{Heap before GC invocations=18 (full 3):
 PSYoungGen      total 549888K, used 549733K [0x00000000d5580000, 0x00000000f9b80000, 0x0000000100000000)
  eden space 538112K, 100% used [0x00000000d5580000,0x00000000f6300000,0x00000000f6300000)
  from space 11776K, 98% used [0x00000000f9000000,0x00000000f9b59770,0x00000000f9b80000)
  to   space 27648K, 0% used [0x00000000f6580000,0x00000000f6580000,0x00000000f8080000)
 ParOldGen       total 115712K, used 70634K [0x0000000080000000, 0x0000000087100000, 0x00000000d5580000)
  object space 115712K, 61% used [0x0000000080000000,0x00000000844fa930,0x0000000087100000)
 Metaspace       used 86082K, capacity 90084K, committed 90328K, reserved 1128448K
  class space    used 11397K, capacity 12209K, committed 12288K, reserved 1048576K
Event: 78.666 GC heap after
Heap after GC invocations=18 (full 3):
 PSYoungGen      total 568320K, used 12937K [0x00000000d5580000, 0x0000000100000000, 0x0000000100000000)
  eden space 540672K, 0% used [0x00000000d5580000,0x00000000d5580000,0x00000000f6580000)
  from space 27648K, 46% used [0x00000000f6580000,0x00000000f72225d8,0x00000000f8080000)
  to   space 26624K, 0% used [0x00000000fe600000,0x00000000fe600000,0x0000000100000000)
 ParOldGen       total 115712K, used 70642K [0x0000000080000000, 0x0000000087100000, 0x00000000d5580000)
  object space 115712K, 61% used [0x0000000080000000,0x00000000844fc930,0x0000000087100000)
 Metaspace       used 86082K, capacity 90084K, committed 90328K, reserved 1128448K
  class space    used 11397K, capacity 12209K, committed 12288K, reserved 1048576K
}
Event: 93.657 GC heap before
{Heap before GC invocations=19 (full 3):
 PSYoungGen      total 568320K, used 553609K [0x00000000d5580000, 0x0000000100000000, 0x0000000100000000)
  eden space 540672K, 100% used [0x00000000d5580000,0x00000000f6580000,0x00000000f6580000)
  from space 27648K, 46% used [0x00000000f6580000,0x00000000f72225d8,0x00000000f8080000)
  to   space 26624K, 0% used [0x00000000fe600000,0x00000000fe600000,0x0000000100000000)
 ParOldGen       total 115712K, used 70642K [0x0000000080000000, 0x0000000087100000, 0x00000000d5580000)
  object space 115712K, 61% used [0x0000000080000000,0x00000000844fc930,0x0000000087100000)
 Metaspace       used 87974K, capacity 91928K, committed 92248K, reserved 1128448K
  class space    used 11533K, capacity 12327K, committed 12416K, reserved 1048576K
Event: 93.722 GC heap after
Heap after GC invocations=19 (full 3):
 PSYoungGen      total 669184K, used 20706K [0x00000000d5580000, 0x0000000100000000, 0x0000000100000000)
  eden space 642560K, 0% used [0x00000000d5580000,0x00000000d5580000,0x00000000fc900000)
  from space 26624K, 77% used [0x00000000fe600000,0x00000000ffa38bb8,0x0000000100000000)
  to   space 28160K, 0% used [0x00000000fc900000,0x00000000fc900000,0x00000000fe480000)
 ParOldGen       total 115712K, used 70650K [0x0000000080000000, 0x0000000087100000, 0x00000000d5580000)
  object space 115712K, 61% used [0x0000000080000000,0x00000000844fe930,0x0000000087100000)
 Metaspace       used 87974K, capacity 91928K, committed 92248K, reserved 1128448K
  class space    used 11533K, capacity 12327K, committed 12416K, reserved 1048576K
}
Event: 148.082 GC heap before
{Heap before GC invocations=20 (full 3):
 PSYoungGen      total 669184K, used 438758K [0x00000000d5580000, 0x0000000100000000, 0x0000000100000000)
  eden space 642560K, 65% used [0x00000000d5580000,0x00000000eedc0f50,0x00000000fc900000)
  from space 26624K, 77% used [0x00000000fe600000,0x00000000ffa38bb8,0x0000000100000000)
  to   space 28160K, 0% used [0x00000000fc900000,0x00000000fc900000,0x00000000fe480000)
 ParOldGen       total 115712K, used 70650K [0x0000000080000000, 0x0000000087100000, 0x00000000d5580000)
  object space 115712K, 61% used [0x0000000080000000,0x00000000844fe930,0x0000000087100000)
 Metaspace       used 93793K, capacity 98206K, committed 98380K, reserved 1134592K
  class space    used 12189K, capacity 13118K, committed 13184K, reserved 1048576K
Event: 148.161 GC heap after
Heap after GC invocations=20 (full 3):
 PSYoungGen      total 670720K, used 28157K [0x00000000d5580000, 0x0000000100000000, 0x0000000100000000)
  eden space 642560K, 0% used [0x00000000d5580000,0x00000000d5580000,0x00000000fc900000)
  from space 28160K, 99% used [0x00000000fc900000,0x00000000fe47f510,0x00000000fe480000)
  to   space 28160K, 0% used [0x00000000fe480000,0x00000000fe480000,0x0000000100000000)
 ParOldGen       total 115712K, used 83992K [0x0000000080000000, 0x0000000087100000, 0x00000000d5580000)
  object space 115712K, 72% used [0x0000000080000000,0x0000000085206280,0x0000000087100000)
 Metaspace       used 93793K, capacity 98206K, committed 98380K, reserved 1134592K
  class space    used 12189K, capacity 13118K, committed 13184K, reserved 1048576K
}
Event: 148.161 GC heap before
{Heap before GC invocations=21 (full 4):
 PSYoungGen      total 670720K, used 28157K [0x00000000d5580000, 0x0000000100000000, 0x0000000100000000)
  eden space 642560K, 0% used [0x00000000d5580000,0x00000000d5580000,0x00000000fc900000)
  from space 28160K, 99% used [0x00000000fc900000,0x00000000fe47f510,0x00000000fe480000)
  to   space 28160K, 0% used [0x00000000fe480000,0x00000000fe480000,0x0000000100000000)
 ParOldGen       total 115712K, used 83992K [0x0000000080000000, 0x0000000087100000, 0x00000000d5580000)
  object space 115712K, 72% used [0x0000000080000000,0x0000000085206280,0x0000000087100000)
 Metaspace       used 93793K, capacity 98206K, committed 98380K, reserved 1134592K
  class space    used 12189K, capacity 13118K, committed 13184K, reserved 1048576K
Event: 148.556 GC heap after
Heap after GC invocations=21 (full 4):
 PSYoungGen      total 670720K, used 0K [0x00000000d5580000, 0x0000000100000000, 0x0000000100000000)
  eden space 642560K, 0% used [0x00000000d5580000,0x00000000d5580000,0x00000000fc900000)
  from space 28160K, 0% used [0x00000000fc900000,0x00000000fc900000,0x00000000fe480000)
  to   space 28160K, 0% used [0x00000000fe480000,0x00000000fe480000,0x0000000100000000)
 ParOldGen       total 193536K, used 88126K [0x0000000080000000, 0x000000008bd00000, 0x00000000d5580000)
  object space 193536K, 45% used [0x0000000080000000,0x000000008560fa88,0x000000008bd00000)
 Metaspace       used 93689K, capacity 97920K, committed 98380K, reserved 1134592K
  class space    used 12155K, capacity 13057K, committed 13184K, reserved 1048576K
}

