# JRE version: OpenJDK Runtime Environment (8.0_242-b01) (build 1.8.0_242-release-1644-b01)
# Java VM: OpenJDK 64-Bit Server VM (25.242-b01 mixed mode windows-amd64 compressed oops)
Heap:
 PSYoungGen      total 516096K, used 402320K [0x00000000d5580000, 0x00000000fbf00000, 0x0000000100000000)
  eden space 423936K, 76% used [0x00000000d5580000,0x00000000e9445f78,0x00000000ef380000)
  from space 92160K, 82% used [0x00000000f5700000,0x00000000fa11e448,0x00000000fb100000)
  to   space 101888K, 0% used [0x00000000ef380000,0x00000000ef380000,0x00000000f5700000)
 ParOldGen       total 279552K, used 90918K [0x0000000080000000, 0x0000000091100000, 0x00000000d5580000)
  object space 279552K, 32% used [0x0000000080000000,0x00000000858c9968,0x0000000091100000)
 Metaspace       used 130930K, capacity 138170K, committed 138456K, reserved 1169408K
  class space    used 16590K, capacity 18085K, committed 18176K, reserved 1048576K
GC Heap History (10 events):
Event: 243.422 GC heap before
{Heap before GC invocations=29 (full 4):
 PSYoungGen      total 423424K, used 423403K [0x00000000d5580000, 0x00000000fa000000, 0x0000000100000000)
  eden space 346624K, 100% used [0x00000000d5580000,0x00000000ea800000,0x00000000ea800000)
  from space 76800K, 99% used [0x00000000f0d80000,0x00000000f587ac30,0x00000000f5880000)
  to   space 103936K, 0% used [0x00000000ea800000,0x00000000ea800000,0x00000000f0d80000)
 ParOldGen       total 261120K, used 191677K [0x0000000080000000, 0x000000008ff00000, 0x00000000d5580000)
  object space 261120K, 73% used [0x0000000080000000,0x000000008bb2f5f0,0x000000008ff00000)
 Metaspace       used 125932K, capacity 131816K, committed 131928K, reserved 1163264K
  class space    used 16070K, capacity 17258K, committed 17280K, reserved 1048576K
Event: 243.530 GC heap after
Heap after GC invocations=29 (full 4):
 PSYoungGen      total 450560K, used 36076K [0x00000000d5580000, 0x00000000f9400000, 0x0000000100000000)
  eden space 346624K, 0% used [0x00000000d5580000,0x00000000d5580000,0x00000000ea800000)
  from space 103936K, 34% used [0x00000000ea800000,0x00000000ecb3b038,0x00000000f0d80000)
  to   space 97792K, 0% used [0x00000000f3480000,0x00000000f3480000,0x00000000f9400000)
 ParOldGen       total 261120K, used 222714K [0x0000000080000000, 0x000000008ff00000, 0x00000000d5580000)
  object space 261120K, 85% used [0x0000000080000000,0x000000008d97ea48,0x000000008ff00000)
 Metaspace       used 125932K, capacity 131816K, committed 131928K, reserved 1163264K
  class space    used 16070K, capacity 17258K, committed 17280K, reserved 1048576K
}
Event: 243.530 GC heap before
{Heap before GC invocations=30 (full 5):
 PSYoungGen      total 450560K, used 36076K [0x00000000d5580000, 0x00000000f9400000, 0x0000000100000000)
  eden space 346624K, 0% used [0x00000000d5580000,0x00000000d5580000,0x00000000ea800000)
  from space 103936K, 34% used [0x00000000ea800000,0x00000000ecb3b038,0x00000000f0d80000)
  to   space 97792K, 0% used [0x00000000f3480000,0x00000000f3480000,0x00000000f9400000)
 ParOldGen       total 261120K, used 222714K [0x0000000080000000, 0x000000008ff00000, 0x00000000d5580000)
  object space 261120K, 85% used [0x0000000080000000,0x000000008d97ea48,0x000000008ff00000)
 Metaspace       used 125932K, capacity 131816K, committed 131928K, reserved 1163264K
  class space    used 16070K, capacity 17258K, committed 17280K, reserved 1048576K
Event: 243.874 GC heap after
Heap after GC invocations=30 (full 5):
 PSYoungGen      total 450560K, used 0K [0x00000000d5580000, 0x00000000f9400000, 0x0000000100000000)
  eden space 346624K, 0% used [0x00000000d5580000,0x00000000d5580000,0x00000000ea800000)
  from space 103936K, 0% used [0x00000000ea800000,0x00000000ea800000,0x00000000f0d80000)
  to   space 97792K, 0% used [0x00000000f3480000,0x00000000f3480000,0x00000000f9400000)
 ParOldGen       total 279552K, used 90918K [0x0000000080000000, 0x0000000091100000, 0x00000000d5580000)
  object space 279552K, 32% used [0x0000000080000000,0x00000000858c9968,0x0000000091100000)
 Metaspace       used 125924K, capacity 131794K, committed 131928K, reserved 1163264K
  class space    used 16067K, capacity 17253K, committed 17280K, reserved 1048576K
}
Event: 477.966 GC heap before
{Heap before GC invocations=31 (full 5):
 PSYoungGen      total 450560K, used 346624K [0x00000000d5580000, 0x00000000f9400000, 0x0000000100000000)
  eden space 346624K, 100% used [0x00000000d5580000,0x00000000ea800000,0x00000000ea800000)
  from space 103936K, 0% used [0x00000000ea800000,0x00000000ea800000,0x00000000f0d80000)
  to   space 97792K, 0% used [0x00000000f3480000,0x00000000f3480000,0x00000000f9400000)
 ParOldGen       total 279552K, used 90918K [0x0000000080000000, 0x0000000091100000, 0x00000000d5580000)
  object space 279552K, 32% used [0x0000000080000000,0x00000000858c9968,0x0000000091100000)
 Metaspace       used 128682K, capacity 134882K, committed 135000K, reserved 1167360K
  class space    used 16397K, capacity 17695K, committed 17792K, reserved 1048576K
Event: 477.989 GC heap after
Heap after GC invocations=31 (full 5):
 PSYoungGen      total 486400K, used 7690K [0x00000000d5580000, 0x00000000f9180000, 0x0000000100000000)
  eden space 391168K, 0% used [0x00000000d5580000,0x00000000d5580000,0x00000000ed380000)
  from space 95232K, 8% used [0x00000000f3480000,0x00000000f3c02b08,0x00000000f9180000)
  to   space 97280K, 0% used [0x00000000ed380000,0x00000000ed380000,0x00000000f3280000)
 ParOldGen       total 279552K, used 90918K [0x0000000080000000, 0x0000000091100000, 0x00000000d5580000)
  object space 279552K, 32% used [0x0000000080000000,0x00000000858c9968,0x0000000091100000)
 Metaspace       used 128682K, capacity 134882K, committed 135000K, reserved 1167360K
  class space    used 16397K, capacity 17695K, committed 17792K, reserved 1048576K
}
Event: 681.752 GC heap before
{Heap before GC invocations=32 (full 5):
 PSYoungGen      total 486400K, used 398858K [0x00000000d5580000, 0x00000000f9180000, 0x0000000100000000)
  eden space 391168K, 100% used [0x00000000d5580000,0x00000000ed380000,0x00000000ed380000)
  from space 95232K, 8% used [0x00000000f3480000,0x00000000f3c02b08,0x00000000f9180000)
  to   space 97280K, 0% used [0x00000000ed380000,0x00000000ed380000,0x00000000f3280000)
 ParOldGen       total 279552K, used 90918K [0x0000000080000000, 0x0000000091100000, 0x00000000d5580000)
  object space 279552K, 32% used [0x0000000080000000,0x00000000858c9968,0x0000000091100000)
 Metaspace       used 130105K, capacity 136846K, committed 137048K, reserved 1169408K
  class space    used 16507K, capacity 17953K, committed 18048K, reserved 1048576K
Event: 681.798 GC heap after
Heap after GC invocations=32 (full 5):
 PSYoungGen      total 488448K, used 29567K [0x00000000d5580000, 0x00000000fb100000, 0x0000000100000000)
  eden space 391168K, 0% used [0x00000000d5580000,0x00000000d5580000,0x00000000ed380000)
  from space 97280K, 30% used [0x00000000ed380000,0x00000000ef05fca0,0x00000000f3280000)
  to   space 92160K, 0% used [0x00000000f5700000,0x00000000f5700000,0x00000000fb100000)
 ParOldGen       total 279552K, used 90918K [0x0000000080000000, 0x0000000091100000, 0x00000000d5580000)
  object space 279552K, 32% used [0x0000000080000000,0x00000000858c9968,0x0000000091100000)
 Metaspace       used 130105K, capacity 136846K, committed 137048K, reserved 1169408K
  class space    used 16507K, capacity 17953K, committed 18048K, reserved 1048576K
}
Event: 710.588 GC heap before
{Heap before GC invocations=33 (full 5):
 PSYoungGen      total 488448K, used 420735K [0x00000000d5580000, 0x00000000fb100000, 0x0000000100000000)
  eden space 391168K, 100% used [0x00000000d5580000,0x00000000ed380000,0x00000000ed380000)
  from space 97280K, 30% used [0x00000000ed380000,0x00000000ef05fca0,0x00000000f3280000)
  to   space 92160K, 0% used [0x00000000f5700000,0x00000000f5700000,0x00000000fb100000)
 ParOldGen       total 279552K, used 90918K [0x0000000080000000, 0x0000000091100000, 0x00000000d5580000)
  object space 279552K, 32% used [0x0000000080000000,0x00000000858c9968,0x0000000091100000)
 Metaspace       used 130551K, capacity 137668K, committed 137816K, reserved 1169408K
  class space    used 16559K, capacity 18046K, committed 18048K, reserved 1048576K
Event: 710.696 GC heap after
Heap after GC invocations=33 (full 5):
 PSYoungGen      total 516096K, used 75897K [0x00000000d5580000, 0x00000000fbf00000, 0x0000000100000000)
  eden space 423936K, 0% used [0x00000000d5580000,0x00000000d5580000,0x00000000ef380000)
  from space 92160K, 82% used [0x00000000f5700000,0x00000000fa11e448,0x00000000fb100000)
  to   space 101888K, 0% used [0x00000000ef380000,0x00000000ef380000,0x00000000f5700000)
 ParOldGen       total 279552K, used 90918K [0x0000000080000000, 0x0000000091100000, 0x00000000d5580000)
  object space 279552K, 32% used [0x0000000080000000,0x00000000858c9968,0x0000000091100000)
 Metaspace       used 130551K, capacity 137668K, committed 137816K, reserved 1169408K
  class space    used 16559K, capacity 18046K, committed 18048K, reserved 1048576K
}

